[ 2014-10-05T16:48:22+08:00 ] 127.0.0.1 /s/index.php/Home/Message/add?title=9999&message=9999
INFO: [ app_begin ] --START--
INFO: Run Behavior\ReadHtmlCacheBehavior [ RunTime:0.001185s ]
INFO: [ app_begin ] --END-- [ RunTime:0.002639s ]
SQL: SHOW COLUMNS FROM `s_message` [ RunTime:0.068022s ]
SQL: INSERT INTO `s_message` (`title`,`message`) VALUES ('9999','9999') [ RunTime:0.242240s ]
INFO: [ app_end ] --START--
INFO: Run Behavior\ShowPageTraceBehavior [ RunTime:0.001285s ]
INFO: [ app_end ] --END-- [ RunTime:0.002297s ]

[ 2014-10-05T16:48:37+08:00 ] 127.0.0.1 /s/index.php/Home/Message/add?title=9999&message=9999
INFO: [ app_begin ] --START--
INFO: Run Behavior\ReadHtmlCacheBehavior [ RunTime:0.001292s ]
INFO: [ app_begin ] --END-- [ RunTime:0.002862s ]
SQL: SHOW COLUMNS FROM `s_message` [ RunTime:0.004600s ]
SQL: INSERT INTO `s_message` (`title`,`message`) VALUES ('9999','9999') [ RunTime:0.077498s ]
INFO: [ app_end ] --START--
INFO: Run Behavior\ShowPageTraceBehavior [ RunTime:0.001308s ]
INFO: [ app_end ] --END-- [ RunTime:0.002241s ]

[ 2014-10-05T16:48:41+08:00 ] 127.0.0.1 /s/index.php/Home/Message/add?title=9999&message=9999
INFO: [ app_begin ] --START--
INFO: Run Behavior\ReadHtmlCacheBehavior [ RunTime:0.001237s ]
INFO: [ app_begin ] --END-- [ RunTime:0.002793s ]
SQL: SHOW COLUMNS FROM `s_message` [ RunTime:0.004760s ]
SQL: INSERT INTO `s_message` (`title`,`message`) VALUES ('9999','9999') [ RunTime:0.059003s ]
INFO: [ app_end ] --START--
INFO: Run Behavior\ShowPageTraceBehavior [ RunTime:0.002672s ]
INFO: [ app_end ] --END-- [ RunTime:0.004462s ]

[ 2014-10-05T16:48:54+08:00 ] 127.0.0.1 /s/index.php/Home/Message/add?title=9999&message=9999
INFO: [ app_begin ] --START--
INFO: Run Behavior\ReadHtmlCacheBehavior [ RunTime:0.001250s ]
INFO: [ app_begin ] --END-- [ RunTime:0.002681s ]
SQL: SHOW COLUMNS FROM `s_message` [ RunTime:0.005759s ]
SQL: INSERT INTO `s_message` (`title`,`message`) VALUES ('9999','9999') [ RunTime:0.135268s ]
INFO: [ app_end ] --START--
INFO: Run Behavior\ShowPageTraceBehavior [ RunTime:0.001314s ]
INFO: [ app_end ] --END-- [ RunTime:0.002353s ]

[ 2014-10-05T16:50:32+08:00 ] 127.0.0.1 /s/index.php/Home/Message/add?title=9999&message=9999
INFO: [ app_begin ] --START--
INFO: Run Behavior\ReadHtmlCacheBehavior [ RunTime:0.001362s ]
INFO: [ app_begin ] --END-- [ RunTime:0.003957s ]
SQL: SHOW COLUMNS FROM `s_message` [ RunTime:0.005331s ]
SQL: INSERT INTO `s_message` (`title`,`message`) VALUES ('9999','9999') [ RunTime:0.045148s ]
INFO: [ app_end ] --START--
INFO: Run Behavior\ShowPageTraceBehavior [ RunTime:0.002043s ]
INFO: [ app_end ] --END-- [ RunTime:0.004775s ]

[ 2014-10-05T16:50:34+08:00 ] 127.0.0.1 /s/index.php/Home/Message/add?title=9999&message=9999
INFO: [ app_begin ] --START--
INFO: Run Behavior\ReadHtmlCacheBehavior [ RunTime:0.001233s ]
INFO: [ app_begin ] --END-- [ RunTime:0.002860s ]
SQL: SHOW COLUMNS FROM `s_message` [ RunTime:0.006345s ]
SQL: INSERT INTO `s_message` (`title`,`message`) VALUES ('9999','9999') [ RunTime:0.087333s ]
INFO: [ app_end ] --START--
INFO: Run Behavior\ShowPageTraceBehavior [ RunTime:0.001470s ]
INFO: [ app_end ] --END-- [ RunTime:0.002589s ]

[ 2014-10-05T16:50:34+08:00 ] 127.0.0.1 /s/index.php/Home/Message/add?title=9999&message=9999
INFO: [ app_begin ] --START--
INFO: Run Behavior\ReadHtmlCacheBehavior [ RunTime:0.001410s ]
INFO: [ app_begin ] --END-- [ RunTime:0.005752s ]
SQL: SHOW COLUMNS FROM `s_message` [ RunTime:0.003982s ]
SQL: INSERT INTO `s_message` (`title`,`message`) VALUES ('9999','9999') [ RunTime:0.089602s ]
INFO: [ app_end ] --START--
INFO: Run Behavior\ShowPageTraceBehavior [ RunTime:0.001991s ]
INFO: [ app_end ] --END-- [ RunTime:0.003592s ]

[ 2014-10-05T16:50:47+08:00 ] 127.0.0.1 /s/index.php/Home/Message/add?title=9999&message=9999
INFO: [ app_begin ] --START--
INFO: Run Behavior\ReadHtmlCacheBehavior [ RunTime:0.001264s ]
INFO: [ app_begin ] --END-- [ RunTime:0.002649s ]
SQL: SHOW COLUMNS FROM `s_message` [ RunTime:0.004204s ]
SQL: INSERT INTO `s_message` (`title`,`message`) VALUES ('9999','9999') [ RunTime:0.065629s ]
INFO: [ app_end ] --START--
INFO: Run Behavior\ShowPageTraceBehavior [ RunTime:0.001308s ]
INFO: [ app_end ] --END-- [ RunTime:0.002343s ]

[ 2014-10-05T16:50:47+08:00 ] 127.0.0.1 /s/index.php/Home/Message/add?title=9999&message=9999
INFO: [ app_begin ] --START--
INFO: Run Behavior\ReadHtmlCacheBehavior [ RunTime:0.001195s ]
INFO: [ app_begin ] --END-- [ RunTime:0.002681s ]
SQL: SHOW COLUMNS FROM `s_message` [ RunTime:0.005040s ]
SQL: INSERT INTO `s_message` (`title`,`message`) VALUES ('9999','9999') [ RunTime:0.059077s ]
INFO: [ app_end ] --START--
INFO: Run Behavior\ShowPageTraceBehavior [ RunTime:0.001734s ]
INFO: [ app_end ] --END-- [ RunTime:0.003131s ]

[ 2014-10-05T16:52:02+08:00 ] 127.0.0.1 /s/index.php/Home/Message/add
INFO: [ app_begin ] --START--
INFO: Run Behavior\ReadHtmlCacheBehavior [ RunTime:0.001197s ]
INFO: [ app_begin ] --END-- [ RunTime:0.002970s ]
SQL: SHOW COLUMNS FROM `s_message` [ RunTime:0.006664s ]
SQL: INSERT INTO `s_message` (`title`,`message`) VALUES ('9999','9999') [ RunTime:0.038944s ]
INFO: [ app_end ] --START--
INFO: Run Behavior\ShowPageTraceBehavior [ RunTime:0.002071s ]
INFO: [ app_end ] --END-- [ RunTime:0.003189s ]

[ 2014-10-05T16:54:16+08:00 ] 127.0.0.1 /s/index.php/Home/Message/add?title=9999&message=9999
INFO: [ app_begin ] --START--
INFO: Run Behavior\ReadHtmlCacheBehavior [ RunTime:0.001280s ]
INFO: [ app_begin ] --END-- [ RunTime:0.002951s ]
SQL: SHOW COLUMNS FROM `s_message` [ RunTime:0.005156s ]
SQL: INSERT INTO `s_message` (`title`,`message`) VALUES ('9999','9999') [ RunTime:0.066123s ]
INFO: [ app_end ] --START--
INFO: Run Behavior\ShowPageTraceBehavior [ RunTime:0.001369s ]
INFO: [ app_end ] --END-- [ RunTime:0.002727s ]

[ 2014-10-05T16:55:51+08:00 ] 127.0.0.1 /s/index.php/Home/Message/add?title=9999&message=9999
INFO: [ app_begin ] --START--
INFO: Run Behavior\ReadHtmlCacheBehavior [ RunTime:0.001676s ]
INFO: [ app_begin ] --END-- [ RunTime:0.003387s ]
SQL: SHOW COLUMNS FROM `s_message` [ RunTime:0.006294s ]
SQL: INSERT INTO `s_message` (`title`,`message`) VALUES ('9999','9999') [ RunTime:0.146660s ]
INFO: [ app_end ] --START--
INFO: Run Behavior\ShowPageTraceBehavior [ RunTime:0.002152s ]
INFO: [ app_end ] --END-- [ RunTime:0.003472s ]

[ 2014-10-05T16:56:30+08:00 ] 127.0.0.1 /s/index.php/Home/Message/add?title=9999&message=9999
INFO: [ app_begin ] --START--
INFO: Run Behavior\ReadHtmlCacheBehavior [ RunTime:0.001270s ]
INFO: [ app_begin ] --END-- [ RunTime:0.002683s ]
SQL: SHOW COLUMNS FROM `s_message` [ RunTime:0.004334s ]
SQL: INSERT INTO `s_message` (`title`,`message`) VALUES ('9999','9999') [ RunTime:0.048261s ]
INFO: [ app_end ] --START--
INFO: Run Behavior\ShowPageTraceBehavior [ RunTime:0.001202s ]
INFO: [ app_end ] --END-- [ RunTime:0.002111s ]

[ 2014-10-05T16:56:33+08:00 ] 127.0.0.1 /s/index.php/Home/Message/add?title=9999&message=9999
INFO: [ app_begin ] --START--
INFO: Run Behavior\ReadHtmlCacheBehavior [ RunTime:0.001222s ]
INFO: [ app_begin ] --END-- [ RunTime:0.002701s ]
SQL: SHOW COLUMNS FROM `s_message` [ RunTime:0.004108s ]
SQL: INSERT INTO `s_message` (`title`,`message`) VALUES ('9999','9999') [ RunTime:0.040493s ]
INFO: [ app_end ] --START--
INFO: Run Behavior\ShowPageTraceBehavior [ RunTime:0.001279s ]
INFO: [ app_end ] --END-- [ RunTime:0.002196s ]

[ 2014-10-05T16:58:27+08:00 ] 127.0.0.1 /s/index.php/Home/Message/add?title=9999&message=9999
INFO: [ app_begin ] --START--
INFO: Run Behavior\ReadHtmlCacheBehavior [ RunTime:0.002110s ]
INFO: [ app_begin ] --END-- [ RunTime:0.004354s ]
SQL: SHOW COLUMNS FROM `s_message` [ RunTime:0.005980s ]
SQL: INSERT INTO `s_message` (`title`,`message`) VALUES ('9999','9999') [ RunTime:0.110035s ]
INFO: [ app_end ] --START--
INFO: Run Behavior\ShowPageTraceBehavior [ RunTime:0.002190s ]
INFO: [ app_end ] --END-- [ RunTime:0.003744s ]

[ 2014-10-05T16:58:45+08:00 ] 127.0.0.1 /s/index.php/Home/Message/add?title=9999&message=9999
INFO: [ app_begin ] --START--
INFO: Run Behavior\ReadHtmlCacheBehavior [ RunTime:0.001651s ]
INFO: [ app_begin ] --END-- [ RunTime:0.003842s ]
SQL: SHOW COLUMNS FROM `s_message` [ RunTime:0.007798s ]
SQL: INSERT INTO `s_message` (`title`,`message`) VALUES ('9999','9999') [ RunTime:0.121294s ]
INFO: [ app_end ] --START--
INFO: Run Behavior\ShowPageTraceBehavior [ RunTime:0.001818s ]
INFO: [ app_end ] --END-- [ RunTime:0.003376s ]

[ 2014-10-05T16:58:46+08:00 ] 127.0.0.1 /s/index.php/Home/Message/add?title=9999&message=9999
INFO: [ app_begin ] --START--
INFO: Run Behavior\ReadHtmlCacheBehavior [ RunTime:0.006137s ]
INFO: [ app_begin ] --END-- [ RunTime:0.007758s ]
SQL: SHOW COLUMNS FROM `s_message` [ RunTime:0.004565s ]
SQL: INSERT INTO `s_message` (`title`,`message`) VALUES ('9999','9999') [ RunTime:0.090757s ]
INFO: [ app_end ] --START--
INFO: Run Behavior\ShowPageTraceBehavior [ RunTime:0.001261s ]
INFO: [ app_end ] --END-- [ RunTime:0.002287s ]

[ 2014-10-05T16:58:46+08:00 ] 127.0.0.1 /s/index.php/Home/Message/add?title=9999&message=9999
INFO: [ app_begin ] --START--
INFO: Run Behavior\ReadHtmlCacheBehavior [ RunTime:0.001226s ]
INFO: [ app_begin ] --END-- [ RunTime:0.002738s ]
SQL: SHOW COLUMNS FROM `s_message` [ RunTime:0.004538s ]
SQL: INSERT INTO `s_message` (`title`,`message`) VALUES ('9999','9999') [ RunTime:0.066677s ]
INFO: [ app_end ] --START--
INFO: Run Behavior\ShowPageTraceBehavior [ RunTime:0.001388s ]
INFO: [ app_end ] --END-- [ RunTime:0.002301s ]

[ 2014-10-05T16:58:46+08:00 ] 127.0.0.1 /s/index.php/Home/Message/add?title=9999&message=9999
INFO: [ app_begin ] --START--
INFO: Run Behavior\ReadHtmlCacheBehavior [ RunTime:0.002235s ]
INFO: [ app_begin ] --END-- [ RunTime:0.004431s ]
SQL: SHOW COLUMNS FROM `s_message` [ RunTime:0.004469s ]
SQL: INSERT INTO `s_message` (`title`,`message`) VALUES ('9999','9999') [ RunTime:0.090643s ]
INFO: [ app_end ] --START--
INFO: Run Behavior\ShowPageTraceBehavior [ RunTime:0.001419s ]
INFO: [ app_end ] --END-- [ RunTime:0.002629s ]

[ 2014-10-05T16:58:52+08:00 ] 127.0.0.1 /s/index.php/Home/Message/add?title=22&message=12
INFO: [ app_begin ] --START--
INFO: Run Behavior\ReadHtmlCacheBehavior [ RunTime:0.001298s ]
INFO: [ app_begin ] --END-- [ RunTime:0.004743s ]
SQL: SHOW COLUMNS FROM `s_message` [ RunTime:0.004192s ]
SQL: INSERT INTO `s_message` (`title`,`message`) VALUES ('22','12') [ RunTime:0.043920s ]
INFO: [ app_end ] --START--
INFO: Run Behavior\ShowPageTraceBehavior [ RunTime:0.001519s ]
INFO: [ app_end ] --END-- [ RunTime:0.002515s ]

[ 2014-10-05T16:59:39+08:00 ] 127.0.0.1 /s/index.php/Home/Message/add?title=22&message=12
INFO: [ app_begin ] --START--
INFO: Run Behavior\ReadHtmlCacheBehavior [ RunTime:0.001742s ]
INFO: [ app_begin ] --END-- [ RunTime:0.004465s ]
SQL: SHOW COLUMNS FROM `s_message` [ RunTime:0.006693s ]
SQL: INSERT INTO `s_message` (`title`,`message`) VALUES ('22','12') [ RunTime:0.127446s ]
INFO: [ app_end ] --START--
INFO: Run Behavior\ShowPageTraceBehavior [ RunTime:0.001424s ]
INFO: [ app_end ] --END-- [ RunTime:0.002610s ]

[ 2014-10-05T16:59:49+08:00 ] 127.0.0.1 /s/index.php/Home/Message/add?title=22&message=12
INFO: [ app_begin ] --START--
INFO: Run Behavior\ReadHtmlCacheBehavior [ RunTime:0.001202s ]
INFO: [ app_begin ] --END-- [ RunTime:0.004494s ]
SQL: SHOW COLUMNS FROM `s_message` [ RunTime:0.006925s ]
SQL: INSERT INTO `s_message` (`title`,`message`) VALUES ('22','12') [ RunTime:0.197669s ]
INFO: [ app_end ] --START--
INFO: Run Behavior\ShowPageTraceBehavior [ RunTime:0.001849s ]
INFO: [ app_end ] --END-- [ RunTime:0.003135s ]

[ 2014-10-05T17:00:00+08:00 ] 127.0.0.1 /s/index.php/Home/Message/add?title=22&message=12
INFO: [ app_begin ] --START--
INFO: Run Behavior\ReadHtmlCacheBehavior [ RunTime:0.001166s ]
INFO: [ app_begin ] --END-- [ RunTime:0.002512s ]
SQL: SHOW COLUMNS FROM `s_message` [ RunTime:0.004482s ]
SQL: INSERT INTO `s_message` (`title`,`message`) VALUES ('22','12') [ RunTime:0.060437s ]
INFO: [ app_end ] --START--
INFO: Run Behavior\ShowPageTraceBehavior [ RunTime:0.001463s ]
INFO: [ app_end ] --END-- [ RunTime:0.002402s ]

[ 2014-10-05T17:00:09+08:00 ] 127.0.0.1 /s/index.php/Home/Message/add?title=22&message=12
INFO: [ app_begin ] --START--
INFO: Run Behavior\ReadHtmlCacheBehavior [ RunTime:0.001329s ]
INFO: [ app_begin ] --END-- [ RunTime:0.002797s ]
SQL: SHOW COLUMNS FROM `s_message` [ RunTime:0.004721s ]
SQL: INSERT INTO `s_message` (`title`,`message`) VALUES ('22','12') [ RunTime:0.056928s ]
INFO: [ app_end ] --START--
INFO: Run Behavior\ShowPageTraceBehavior [ RunTime:0.001305s ]
INFO: [ app_end ] --END-- [ RunTime:0.002220s ]

[ 2014-10-05T17:00:27+08:00 ] 127.0.0.1 /s/index.php/Home/Message/add?title=22&message=12
INFO: [ app_begin ] --START--
INFO: Run Behavior\ReadHtmlCacheBehavior [ RunTime:0.001932s ]
INFO: [ app_begin ] --END-- [ RunTime:0.003412s ]
SQL: SHOW COLUMNS FROM `s_message` [ RunTime:0.004754s ]
SQL: INSERT INTO `s_message` (`title`,`message`) VALUES ('22','12') [ RunTime:0.173292s ]
INFO: [ app_end ] --START--
INFO: Run Behavior\ShowPageTraceBehavior [ RunTime:0.002604s ]
INFO: [ app_end ] --END-- [ RunTime:0.004057s ]

[ 2014-10-05T17:00:45+08:00 ] 127.0.0.1 /s/index.php/Home/Message/add?title=22&message=12
INFO: [ app_begin ] --START--
INFO: Run Behavior\ReadHtmlCacheBehavior [ RunTime:0.002676s ]
INFO: [ app_begin ] --END-- [ RunTime:0.004197s ]
SQL: SHOW COLUMNS FROM `s_message` [ RunTime:0.005834s ]
SQL: INSERT INTO `s_message` (`title`,`message`) VALUES ('22','12') [ RunTime:0.050342s ]
INFO: [ app_end ] --START--
INFO: Run Behavior\ShowPageTraceBehavior [ RunTime:0.002363s ]
INFO: [ app_end ] --END-- [ RunTime:0.003888s ]

[ 2014-10-05T17:01:13+08:00 ] 127.0.0.1 /s/index.php/Home/Message/add?title=22&message=12
INFO: [ app_begin ] --START--
INFO: Run Behavior\ReadHtmlCacheBehavior [ RunTime:0.003186s ]
INFO: [ app_begin ] --END-- [ RunTime:0.005419s ]
SQL: SHOW COLUMNS FROM `s_message` [ RunTime:0.007207s ]
SQL: INSERT INTO `s_message` (`title`,`message`) VALUES ('22','12') [ RunTime:0.070849s ]
INFO: [ app_end ] --START--
INFO: Run Behavior\ShowPageTraceBehavior [ RunTime:0.001690s ]
INFO: [ app_end ] --END-- [ RunTime:0.002963s ]

[ 2014-10-05T17:01:30+08:00 ] 127.0.0.1 /s/index.php/Home/Message/add?title=22&message=12
INFO: [ app_begin ] --START--
INFO: Run Behavior\ReadHtmlCacheBehavior [ RunTime:0.001257s ]
INFO: [ app_begin ] --END-- [ RunTime:0.002713s ]
SQL: SHOW COLUMNS FROM `s_message` [ RunTime:0.004550s ]
SQL: INSERT INTO `s_message` (`title`,`message`) VALUES ('22','12') [ RunTime:0.048069s ]
INFO: [ app_end ] --START--
INFO: Run Behavior\ShowPageTraceBehavior [ RunTime:0.001321s ]
INFO: [ app_end ] --END-- [ RunTime:0.002334s ]

[ 2014-10-05T17:02:18+08:00 ] 127.0.0.1 /s/index.php/Home/Message/add?title=22&message=12
INFO: [ app_begin ] --START--
INFO: Run Behavior\ReadHtmlCacheBehavior [ RunTime:0.001963s ]
INFO: [ app_begin ] --END-- [ RunTime:0.003767s ]
SQL: SHOW COLUMNS FROM `s_message` [ RunTime:0.006647s ]
SQL: INSERT INTO `s_message` (`title`,`message`) VALUES ('22','12') [ RunTime:0.183620s ]
INFO: [ app_end ] --START--
INFO: Run Behavior\ShowPageTraceBehavior [ RunTime:0.001882s ]
INFO: [ app_end ] --END-- [ RunTime:0.003363s ]

[ 2014-10-05T17:02:26+08:00 ] 127.0.0.1 /s/index.php/Home/Message/add?title=22&message=12
INFO: [ app_begin ] --START--
INFO: Run Behavior\ReadHtmlCacheBehavior [ RunTime:0.001751s ]
INFO: [ app_begin ] --END-- [ RunTime:0.003891s ]
SQL: SHOW COLUMNS FROM `s_message` [ RunTime:0.006537s ]
SQL: INSERT INTO `s_message` (`title`,`message`) VALUES ('22','12') [ RunTime:0.046322s ]
INFO: [ app_end ] --START--
INFO: Run Behavior\ShowPageTraceBehavior [ RunTime:0.002389s ]
INFO: [ app_end ] --END-- [ RunTime:0.004448s ]

[ 2014-10-05T17:02:43+08:00 ] 127.0.0.1 /s/index.php/Home/Message/add?title=22&message=12
INFO: [ app_begin ] --START--
INFO: Run Behavior\ReadHtmlCacheBehavior [ RunTime:0.001240s ]
INFO: [ app_begin ] --END-- [ RunTime:0.002925s ]
SQL: SHOW COLUMNS FROM `s_message` [ RunTime:0.004650s ]
SQL: INSERT INTO `s_message` (`title`,`message`) VALUES ('22','12') [ RunTime:0.048652s ]
INFO: [ app_end ] --START--
INFO: Run Behavior\ShowPageTraceBehavior [ RunTime:0.001227s ]
INFO: [ app_end ] --END-- [ RunTime:0.002232s ]

[ 2014-10-05T17:02:54+08:00 ] 127.0.0.1 /s/index.php/Home/Message/add?title=22&message=12
INFO: [ app_begin ] --START--
INFO: Run Behavior\ReadHtmlCacheBehavior [ RunTime:0.001961s ]
INFO: [ app_begin ] --END-- [ RunTime:0.003618s ]
SQL: SHOW COLUMNS FROM `s_message` [ RunTime:0.006923s ]
SQL: INSERT INTO `s_message` (`title`,`message`) VALUES ('22','12') [ RunTime:0.137953s ]
INFO: [ app_end ] --START--
INFO: Run Behavior\ShowPageTraceBehavior [ RunTime:0.001849s ]
INFO: [ app_end ] --END-- [ RunTime:0.003554s ]

[ 2014-10-05T17:03:05+08:00 ] 127.0.0.1 /s/index.php/Home/Message/add?title=22&message=12
INFO: [ app_begin ] --START--
INFO: Run Behavior\ReadHtmlCacheBehavior [ RunTime:0.001485s ]
INFO: [ app_begin ] --END-- [ RunTime:0.003171s ]
SQL: SHOW COLUMNS FROM `s_message` [ RunTime:0.006699s ]
SQL: INSERT INTO `s_message` (`title`,`message`) VALUES ('22','12') [ RunTime:0.054306s ]
INFO: [ app_end ] --START--
INFO: Run Behavior\ShowPageTraceBehavior [ RunTime:0.001274s ]
INFO: [ app_end ] --END-- [ RunTime:0.002156s ]

[ 2014-10-05T17:03:15+08:00 ] 127.0.0.1 /s/index.php/Home/Message/add?title=22&message=12
INFO: [ app_begin ] --START--
INFO: Run Behavior\ReadHtmlCacheBehavior [ RunTime:0.002273s ]
INFO: [ app_begin ] --END-- [ RunTime:0.004220s ]
SQL: SHOW COLUMNS FROM `s_message` [ RunTime:0.005238s ]
SQL: INSERT INTO `s_message` (`title`,`message`) VALUES ('22','12') [ RunTime:0.052743s ]
INFO: [ app_end ] --START--
INFO: Run Behavior\ShowPageTraceBehavior [ RunTime:0.001790s ]
INFO: [ app_end ] --END-- [ RunTime:0.002990s ]

[ 2014-10-05T17:03:52+08:00 ] 127.0.0.1 /s/index.php/Home/Message/add?title=22&message=12
INFO: [ app_begin ] --START--
INFO: Run Behavior\ReadHtmlCacheBehavior [ RunTime:0.001311s ]
INFO: [ app_begin ] --END-- [ RunTime:0.002966s ]
SQL: SHOW COLUMNS FROM `s_message` [ RunTime:0.005141s ]
SQL: INSERT INTO `s_message` (`title`,`message`) VALUES ('22','12') [ RunTime:0.065258s ]
INFO: [ app_end ] --START--
INFO: Run Behavior\ShowPageTraceBehavior [ RunTime:0.001294s ]
INFO: [ app_end ] --END-- [ RunTime:0.002217s ]

[ 2014-10-05T17:04:01+08:00 ] 127.0.0.1 /s/index.php/Home/Message/add?title=22&message=12
INFO: [ app_begin ] --START--
INFO: Run Behavior\ReadHtmlCacheBehavior [ RunTime:0.001342s ]
INFO: [ app_begin ] --END-- [ RunTime:0.003095s ]
SQL: SHOW COLUMNS FROM `s_message` [ RunTime:0.005372s ]
SQL: INSERT INTO `s_message` (`title`,`message`) VALUES ('22','12') [ RunTime:0.071934s ]
INFO: [ app_end ] --START--
INFO: Run Behavior\ShowPageTraceBehavior [ RunTime:0.001714s ]
INFO: [ app_end ] --END-- [ RunTime:0.002867s ]

[ 2014-10-05T17:05:07+08:00 ] 127.0.0.1 /s/index.php/Home/Message/add
INFO: [ app_begin ] --START--
INFO: Run Behavior\ReadHtmlCacheBehavior [ RunTime:0.001089s ]
INFO: [ app_begin ] --END-- [ RunTime:0.002873s ]
SQL: SHOW COLUMNS FROM `s_message` [ RunTime:0.004965s ]
INFO: [ app_end ] --START--
INFO: Run Behavior\ShowPageTraceBehavior [ RunTime:0.001276s ]
INFO: [ app_end ] --END-- [ RunTime:0.002188s ]

[ 2014-10-05T17:05:30+08:00 ] 127.0.0.1 /s/index.php/Home/Message/add
INFO: [ app_begin ] --START--
INFO: Run Behavior\ReadHtmlCacheBehavior [ RunTime:0.001066s ]
INFO: [ app_begin ] --END-- [ RunTime:0.002579s ]
SQL: SHOW COLUMNS FROM `s_message` [ RunTime:0.005064s ]
INFO: [ app_end ] --START--
INFO: Run Behavior\ShowPageTraceBehavior [ RunTime:0.001304s ]
INFO: [ app_end ] --END-- [ RunTime:0.003560s ]

[ 2014-10-05T17:06:32+08:00 ] 127.0.0.1 /s/index.php/Home/Message/add
INFO: [ app_begin ] --START--
INFO: Run Behavior\ReadHtmlCacheBehavior [ RunTime:0.001081s ]
INFO: [ app_begin ] --END-- [ RunTime:0.003823s ]
SQL: SHOW COLUMNS FROM `s_message` [ RunTime:0.004734s ]
INFO: [ app_end ] --START--
INFO: Run Behavior\ShowPageTraceBehavior [ RunTime:0.001262s ]
INFO: [ app_end ] --END-- [ RunTime:0.002246s ]

[ 2014-10-05T17:06:53+08:00 ] 127.0.0.1 /s/index.php/Home/Message/add
INFO: [ app_begin ] --START--
INFO: Run Behavior\ReadHtmlCacheBehavior [ RunTime:0.001218s ]
INFO: [ app_begin ] --END-- [ RunTime:0.003011s ]
SQL: SHOW COLUMNS FROM `s_message` [ RunTime:0.005067s ]
INFO: [ app_end ] --START--
INFO: Run Behavior\ShowPageTraceBehavior [ RunTime:0.001284s ]
INFO: [ app_end ] --END-- [ RunTime:0.002282s ]

[ 2014-10-05T17:07:04+08:00 ] 127.0.0.1 /s/index.php/Home/Message/add
INFO: [ app_begin ] --START--
INFO: Run Behavior\ReadHtmlCacheBehavior [ RunTime:0.001599s ]
INFO: [ app_begin ] --END-- [ RunTime:0.003713s ]
SQL: SHOW COLUMNS FROM `s_message` [ RunTime:0.005846s ]
INFO: [ app_end ] --START--
INFO: Run Behavior\ShowPageTraceBehavior [ RunTime:0.001262s ]
INFO: [ app_end ] --END-- [ RunTime:0.002188s ]

[ 2014-10-05T17:07:16+08:00 ] 127.0.0.1 /s/index.php/Home/Message/add
INFO: [ app_begin ] --START--
INFO: Run Behavior\ReadHtmlCacheBehavior [ RunTime:0.001109s ]
INFO: [ app_begin ] --END-- [ RunTime:0.002725s ]
SQL: SHOW COLUMNS FROM `s_message` [ RunTime:0.004400s ]
INFO: [ app_end ] --START--
INFO: Run Behavior\ShowPageTraceBehavior [ RunTime:0.001429s ]
INFO: [ app_end ] --END-- [ RunTime:0.002331s ]

[ 2014-10-05T17:07:25+08:00 ] 127.0.0.1 /s/index.php/Home/Message/add
INFO: [ app_begin ] --START--
INFO: Run Behavior\ReadHtmlCacheBehavior [ RunTime:0.002631s ]
INFO: [ app_begin ] --END-- [ RunTime:0.004886s ]
SQL: SHOW COLUMNS FROM `s_message` [ RunTime:0.005504s ]
INFO: [ app_end ] --START--
INFO: Run Behavior\ShowPageTraceBehavior [ RunTime:0.003001s ]
INFO: [ app_end ] --END-- [ RunTime:0.003977s ]

[ 2014-10-05T17:07:56+08:00 ] 127.0.0.1 /s/index.php/Home/Message/add
INFO: [ app_begin ] --START--
INFO: Run Behavior\ReadHtmlCacheBehavior [ RunTime:0.001076s ]
INFO: [ app_begin ] --END-- [ RunTime:0.002566s ]
SQL: SHOW COLUMNS FROM `s_message` [ RunTime:0.004479s ]
INFO: [ app_end ] --START--
INFO: Run Behavior\ShowPageTraceBehavior [ RunTime:0.001469s ]
INFO: [ app_end ] --END-- [ RunTime:0.002418s ]

[ 2014-10-05T17:07:57+08:00 ] 127.0.0.1 /s/index.php/Home/Message/add
INFO: [ app_begin ] --START--
INFO: Run Behavior\ReadHtmlCacheBehavior [ RunTime:0.001948s ]
INFO: [ app_begin ] --END-- [ RunTime:0.004904s ]
SQL: SHOW COLUMNS FROM `s_message` [ RunTime:0.004917s ]
INFO: [ app_end ] --START--
INFO: Run Behavior\ShowPageTraceBehavior [ RunTime:0.001995s ]
INFO: [ app_end ] --END-- [ RunTime:0.003511s ]

[ 2014-10-05T17:07:58+08:00 ] 127.0.0.1 /s/index.php/Home/Message/add
INFO: [ app_begin ] --START--
INFO: Run Behavior\ReadHtmlCacheBehavior [ RunTime:0.001104s ]
INFO: [ app_begin ] --END-- [ RunTime:0.008721s ]
SQL: SHOW COLUMNS FROM `s_message` [ RunTime:0.004754s ]
INFO: [ app_end ] --START--
INFO: Run Behavior\ShowPageTraceBehavior [ RunTime:0.001294s ]
INFO: [ app_end ] --END-- [ RunTime:0.002219s ]

[ 2014-10-05T17:07:58+08:00 ] 127.0.0.1 /s/index.php/Home/Message/add
INFO: [ app_begin ] --START--
INFO: Run Behavior\ReadHtmlCacheBehavior [ RunTime:0.004930s ]
INFO: [ app_begin ] --END-- [ RunTime:0.008437s ]
SQL: SHOW COLUMNS FROM `s_message` [ RunTime:0.004337s ]
INFO: [ app_end ] --START--
INFO: Run Behavior\ShowPageTraceBehavior [ RunTime:0.001240s ]
INFO: [ app_end ] --END-- [ RunTime:0.002141s ]

[ 2014-10-05T17:08:14+08:00 ] 127.0.0.1 /s/index.php/Home/Message/add
INFO: [ app_begin ] --START--
INFO: Run Behavior\ReadHtmlCacheBehavior [ RunTime:0.001124s ]
INFO: [ app_begin ] --END-- [ RunTime:0.002569s ]
SQL: SHOW COLUMNS FROM `s_message` [ RunTime:0.004503s ]
INFO: [ app_end ] --START--
INFO: Run Behavior\ShowPageTraceBehavior [ RunTime:0.002914s ]
INFO: [ app_end ] --END-- [ RunTime:0.003896s ]

[ 2014-10-05T17:08:22+08:00 ] 127.0.0.1 /s/index.php/Home/Message/add
INFO: [ app_begin ] --START--
INFO: Run Behavior\ReadHtmlCacheBehavior [ RunTime:0.001114s ]
INFO: [ app_begin ] --END-- [ RunTime:0.004173s ]
SQL: SHOW COLUMNS FROM `s_message` [ RunTime:0.006261s ]
INFO: [ app_end ] --START--
INFO: Run Behavior\ShowPageTraceBehavior [ RunTime:0.001628s ]
INFO: [ app_end ] --END-- [ RunTime:0.003005s ]

[ 2014-10-05T17:08:32+08:00 ] 127.0.0.1 /s/index.php/Home/Message/add
INFO: [ app_begin ] --START--
INFO: Run Behavior\ReadHtmlCacheBehavior [ RunTime:0.001960s ]
INFO: [ app_begin ] --END-- [ RunTime:0.008614s ]
SQL: SHOW COLUMNS FROM `s_message` [ RunTime:0.006860s ]
INFO: [ app_end ] --START--
INFO: Run Behavior\ShowPageTraceBehavior [ RunTime:0.001414s ]
INFO: [ app_end ] --END-- [ RunTime:0.002500s ]

[ 2014-10-05T17:08:33+08:00 ] 127.0.0.1 /s/index.php/Home/Message/add
INFO: [ app_begin ] --START--
INFO: Run Behavior\ReadHtmlCacheBehavior [ RunTime:0.001089s ]
INFO: [ app_begin ] --END-- [ RunTime:0.002568s ]
SQL: SHOW COLUMNS FROM `s_message` [ RunTime:0.004352s ]
INFO: [ app_end ] --START--
INFO: Run Behavior\ShowPageTraceBehavior [ RunTime:0.001374s ]
INFO: [ app_end ] --END-- [ RunTime:0.002304s ]

[ 2014-10-05T17:08:33+08:00 ] 127.0.0.1 /s/index.php/Home/Message/add
INFO: [ app_begin ] --START--
INFO: Run Behavior\ReadHtmlCacheBehavior [ RunTime:0.001842s ]
INFO: [ app_begin ] --END-- [ RunTime:0.003453s ]
SQL: SHOW COLUMNS FROM `s_message` [ RunTime:0.004453s ]
INFO: [ app_end ] --START--
INFO: Run Behavior\ShowPageTraceBehavior [ RunTime:0.001250s ]
INFO: [ app_end ] --END-- [ RunTime:0.002187s ]

[ 2014-10-05T17:08:33+08:00 ] 127.0.0.1 /s/index.php/Home/Message/add
INFO: [ app_begin ] --START--
INFO: Run Behavior\ReadHtmlCacheBehavior [ RunTime:0.001080s ]
INFO: [ app_begin ] --END-- [ RunTime:0.003699s ]
SQL: SHOW COLUMNS FROM `s_message` [ RunTime:0.004459s ]
INFO: [ app_end ] --START--
INFO: Run Behavior\ShowPageTraceBehavior [ RunTime:0.001223s ]
INFO: [ app_end ] --END-- [ RunTime:0.002156s ]

[ 2014-10-05T17:08:33+08:00 ] 127.0.0.1 /s/index.php/Home/Message/add
INFO: [ app_begin ] --START--
INFO: Run Behavior\ReadHtmlCacheBehavior [ RunTime:0.001092s ]
INFO: [ app_begin ] --END-- [ RunTime:0.002556s ]
SQL: SHOW COLUMNS FROM `s_message` [ RunTime:0.004483s ]
INFO: [ app_end ] --START--
INFO: Run Behavior\ShowPageTraceBehavior [ RunTime:0.002262s ]
INFO: [ app_end ] --END-- [ RunTime:0.003658s ]

[ 2014-10-05T17:08:53+08:00 ] 127.0.0.1 /s/index.php/Home/Message/add?title=22&message=12
INFO: [ app_begin ] --START--
INFO: Run Behavior\ReadHtmlCacheBehavior [ RunTime:0.001197s ]
INFO: [ app_begin ] --END-- [ RunTime:0.002585s ]
SQL: SHOW COLUMNS FROM `s_message` [ RunTime:0.005271s ]
SQL: INSERT INTO `s_message` (`title`,`message`) VALUES ('22','12') [ RunTime:0.110780s ]
INFO: [ app_end ] --START--
INFO: Run Behavior\ShowPageTraceBehavior [ RunTime:0.002098s ]
INFO: [ app_end ] --END-- [ RunTime:0.003702s ]

[ 2014-10-05T17:09:34+08:00 ] 127.0.0.1 /s/index.php/Home/Message/add
INFO: [ app_begin ] --START--
INFO: Run Behavior\ReadHtmlCacheBehavior [ RunTime:0.001723s ]
INFO: [ app_begin ] --END-- [ RunTime:0.004346s ]
SQL: SHOW COLUMNS FROM `s_message` [ RunTime:0.006072s ]
INFO: [ app_end ] --START--
INFO: Run Behavior\ShowPageTraceBehavior [ RunTime:0.001965s ]
INFO: [ app_end ] --END-- [ RunTime:0.003626s ]

[ 2014-10-05T17:09:44+08:00 ] 127.0.0.1 /s/index.php/Home/Message/add
INFO: [ app_begin ] --START--
INFO: Run Behavior\ReadHtmlCacheBehavior [ RunTime:0.001198s ]
INFO: [ app_begin ] --END-- [ RunTime:0.006952s ]
SQL: SHOW COLUMNS FROM `s_message` [ RunTime:0.005051s ]
INFO: [ app_end ] --START--
INFO: Run Behavior\ShowPageTraceBehavior [ RunTime:0.001893s ]
INFO: [ app_end ] --END-- [ RunTime:0.003040s ]

[ 2014-10-05T17:13:23+08:00 ] 127.0.0.1 /s/index.php/Home/Message/add?title=asfd&message=asdfasdf
INFO: [ app_begin ] --START--
INFO: Run Behavior\ReadHtmlCacheBehavior [ RunTime:0.001309s ]
INFO: [ app_begin ] --END-- [ RunTime:0.002698s ]
SQL: SHOW COLUMNS FROM `s_message` [ RunTime:0.005126s ]
SQL: INSERT INTO `s_message` (`title`,`message`) VALUES ('asfd','asdfasdf') [ RunTime:0.096766s ]
INFO: [ app_end ] --START--
INFO: Run Behavior\ShowPageTraceBehavior [ RunTime:0.001695s ]
INFO: [ app_end ] --END-- [ RunTime:0.003012s ]

[ 2014-10-05T17:13:34+08:00 ] 127.0.0.1 /s/index.php/Home/Message/add?title=asfd&message=asdfasdf
INFO: [ app_begin ] --START--
INFO: Run Behavior\ReadHtmlCacheBehavior [ RunTime:0.001433s ]
INFO: [ app_begin ] --END-- [ RunTime:0.003219s ]
SQL: SHOW COLUMNS FROM `s_message` [ RunTime:0.006277s ]
SQL: INSERT INTO `s_message` (`title`,`message`) VALUES ('asfd','asdfasdf') [ RunTime:0.128917s ]
INFO: [ app_end ] --START--
INFO: Run Behavior\ShowPageTraceBehavior [ RunTime:0.001815s ]
INFO: [ app_end ] --END-- [ RunTime:0.003315s ]

[ 2014-10-05T17:14:36+08:00 ] 127.0.0.1 /s/index.php/Home/Message/add?title=asfd&message=asdfasdf
INFO: [ app_begin ] --START--
INFO: Run Behavior\ReadHtmlCacheBehavior [ RunTime:0.001421s ]
INFO: [ app_begin ] --END-- [ RunTime:0.002894s ]
SQL: SHOW COLUMNS FROM `s_message` [ RunTime:0.005054s ]
SQL: INSERT INTO `s_message` (`title`,`message`) VALUES ('asfd','asdfasdf') [ RunTime:0.107092s ]
INFO: [ app_end ] --START--
INFO: Run Behavior\ShowPageTraceBehavior [ RunTime:0.002937s ]
INFO: [ app_end ] --END-- [ RunTime:0.005580s ]

[ 2014-10-05T17:14:44+08:00 ] 127.0.0.1 /s/index.php/Home/Message/add?title=asfd&message=asdfasdf
INFO: [ app_begin ] --START--
INFO: Run Behavior\ReadHtmlCacheBehavior [ RunTime:0.001287s ]
INFO: [ app_begin ] --END-- [ RunTime:0.003108s ]
SQL: SHOW COLUMNS FROM `s_message` [ RunTime:0.005611s ]
SQL: INSERT INTO `s_message` (`title`,`message`) VALUES ('asfd','asdfasdf') [ RunTime:0.077660s ]
INFO: [ app_end ] --START--
INFO: Run Behavior\ShowPageTraceBehavior [ RunTime:0.001840s ]
INFO: [ app_end ] --END-- [ RunTime:0.003084s ]

[ 2014-10-05T17:15:05+08:00 ] 127.0.0.1 /s/index.php/Home/Message/add?title=asfd&message=asdfasdf
INFO: [ app_begin ] --START--
INFO: Run Behavior\ReadHtmlCacheBehavior [ RunTime:0.001177s ]
INFO: [ app_begin ] --END-- [ RunTime:0.002562s ]
SQL: SHOW COLUMNS FROM `s_message` [ RunTime:0.004265s ]
SQL: INSERT INTO `s_message` (`title`,`message`) VALUES ('asfd','asdfasdf') [ RunTime:0.053360s ]
INFO: [ app_end ] --START--
INFO: Run Behavior\ShowPageTraceBehavior [ RunTime:0.003096s ]
INFO: [ app_end ] --END-- [ RunTime:0.005320s ]

[ 2014-10-05T17:15:27+08:00 ] 127.0.0.1 /s/index.php/Home/Message/add?title=asfd&message=asdfasdf
INFO: [ app_begin ] --START--
INFO: Run Behavior\ReadHtmlCacheBehavior [ RunTime:0.001236s ]
INFO: [ app_begin ] --END-- [ RunTime:0.002742s ]
SQL: SHOW COLUMNS FROM `s_message` [ RunTime:0.007516s ]
SQL: INSERT INTO `s_message` (`title`,`message`) VALUES ('asfd','asdfasdf') [ RunTime:0.078064s ]
INFO: [ app_end ] --START--
INFO: Run Behavior\ShowPageTraceBehavior [ RunTime:0.001507s ]
INFO: [ app_end ] --END-- [ RunTime:0.002477s ]

[ 2014-10-05T17:15:43+08:00 ] 127.0.0.1 /s/index.php/Home/Message/add?title=asfd&message=asdfasdf
INFO: [ app_begin ] --START--
INFO: Run Behavior\ReadHtmlCacheBehavior [ RunTime:0.001234s ]
INFO: [ app_begin ] --END-- [ RunTime:0.002788s ]
SQL: SHOW COLUMNS FROM `s_message` [ RunTime:0.004557s ]
SQL: INSERT INTO `s_message` (`title`,`message`) VALUES ('asfd','asdfasdf') [ RunTime:0.073034s ]
INFO: [ app_end ] --START--
INFO: Run Behavior\ShowPageTraceBehavior [ RunTime:0.001403s ]
INFO: [ app_end ] --END-- [ RunTime:0.002334s ]

[ 2014-10-05T17:16:06+08:00 ] 127.0.0.1 /s/index.php/Home/Message/add?title=asfd&message=asdfasdf
INFO: [ app_begin ] --START--
INFO: Run Behavior\ReadHtmlCacheBehavior [ RunTime:0.001237s ]
INFO: [ app_begin ] --END-- [ RunTime:0.002764s ]
SQL: SHOW COLUMNS FROM `s_message` [ RunTime:0.004830s ]
SQL: INSERT INTO `s_message` (`title`,`message`) VALUES ('asfd','asdfasdf') [ RunTime:0.082679s ]
INFO: [ app_end ] --START--
INFO: Run Behavior\ShowPageTraceBehavior [ RunTime:0.001464s ]
INFO: [ app_end ] --END-- [ RunTime:0.002354s ]

[ 2014-10-05T17:16:45+08:00 ] 127.0.0.1 /s/index.php/Home/Message/add?title=asfd&message=asdfasdf
INFO: [ app_begin ] --START--
INFO: Run Behavior\ReadHtmlCacheBehavior [ RunTime:0.001186s ]
INFO: [ app_begin ] --END-- [ RunTime:0.002597s ]
SQL: SHOW COLUMNS FROM `s_message` [ RunTime:0.004422s ]
SQL: INSERT INTO `s_message` (`title`,`message`) VALUES ('asfd','asdfasdf') [ RunTime:0.083391s ]
INFO: [ app_end ] --START--
INFO: Run Behavior\ShowPageTraceBehavior [ RunTime:0.001396s ]
INFO: [ app_end ] --END-- [ RunTime:0.002347s ]

[ 2014-10-05T17:17:03+08:00 ] 127.0.0.1 /s/index.php/Home/Message/add?title=asfd&message=asdfasdf
INFO: [ app_begin ] --START--
INFO: Run Behavior\ReadHtmlCacheBehavior [ RunTime:0.001271s ]
INFO: [ app_begin ] --END-- [ RunTime:0.002720s ]
SQL: SHOW COLUMNS FROM `s_message` [ RunTime:0.005618s ]
SQL: INSERT INTO `s_message` (`title`,`message`) VALUES ('asfd','asdfasdf') [ RunTime:0.133118s ]
INFO: [ app_end ] --START--
INFO: Run Behavior\ShowPageTraceBehavior [ RunTime:0.002918s ]
INFO: [ app_end ] --END-- [ RunTime:0.005893s ]

[ 2014-10-05T17:17:05+08:00 ] 127.0.0.1 /s/index.php/Home/Message/add?title=asfd&message=asdfasdf
INFO: [ app_begin ] --START--
INFO: Run Behavior\ReadHtmlCacheBehavior [ RunTime:0.001361s ]
INFO: [ app_begin ] --END-- [ RunTime:0.003057s ]
SQL: SHOW COLUMNS FROM `s_message` [ RunTime:0.005193s ]
SQL: INSERT INTO `s_message` (`title`,`message`) VALUES ('asfd','asdfasdf') [ RunTime:0.058500s ]
INFO: [ app_end ] --START--
INFO: Run Behavior\ShowPageTraceBehavior [ RunTime:0.002167s ]
INFO: [ app_end ] --END-- [ RunTime:0.003893s ]

[ 2014-10-05T17:17:14+08:00 ] 127.0.0.1 /s/index.php/Home/Message/add?title=asfd&message=asdfasdf
INFO: [ app_begin ] --START--
INFO: Run Behavior\ReadHtmlCacheBehavior [ RunTime:0.001261s ]
INFO: [ app_begin ] --END-- [ RunTime:0.002665s ]
SQL: SHOW COLUMNS FROM `s_message` [ RunTime:0.004723s ]
SQL: INSERT INTO `s_message` (`title`,`message`) VALUES ('asfd','asdfasdf') [ RunTime:0.198525s ]
INFO: [ app_end ] --START--
INFO: Run Behavior\ShowPageTraceBehavior [ RunTime:0.001410s ]
INFO: [ app_end ] --END-- [ RunTime:0.002362s ]

[ 2014-10-05T17:17:57+08:00 ] 127.0.0.1 /s/index.php/Home/Message/add?title=asfd&message=asdfasdf
INFO: [ app_begin ] --START--
INFO: Run Behavior\ReadHtmlCacheBehavior [ RunTime:0.001236s ]
INFO: [ app_begin ] --END-- [ RunTime:0.002753s ]
SQL: SHOW COLUMNS FROM `s_message` [ RunTime:0.004588s ]
SQL: INSERT INTO `s_message` (`title`,`message`) VALUES ('asfd','asdfasdf') [ RunTime:0.066003s ]
INFO: [ app_end ] --START--
INFO: Run Behavior\ShowPageTraceBehavior [ RunTime:0.001289s ]
INFO: [ app_end ] --END-- [ RunTime:0.002227s ]

[ 2014-10-05T17:18:10+08:00 ] 127.0.0.1 /s/index.php/Home/Message/add?title=asfd&message=asdfasdf
INFO: [ app_begin ] --START--
INFO: Run Behavior\ReadHtmlCacheBehavior [ RunTime:0.001406s ]
INFO: [ app_begin ] --END-- [ RunTime:0.004133s ]
SQL: SHOW COLUMNS FROM `s_message` [ RunTime:0.007290s ]
SQL: INSERT INTO `s_message` (`title`,`message`) VALUES ('asfd','asdfasdf') [ RunTime:0.116686s ]
INFO: [ app_end ] --START--
INFO: Run Behavior\ShowPageTraceBehavior [ RunTime:0.001788s ]
INFO: [ app_end ] --END-- [ RunTime:0.003221s ]

[ 2014-10-05T17:28:53+08:00 ] 127.0.0.1 /s/index.php/Home/Message/add?title=asfd&message=asdfasdf
INFO: [ app_begin ] --START--
INFO: Run Behavior\ReadHtmlCacheBehavior [ RunTime:0.002692s ]
INFO: [ app_begin ] --END-- [ RunTime:0.005267s ]
SQL: SHOW COLUMNS FROM `s_message` [ RunTime:0.006853s ]
SQL: INSERT INTO `s_message` (`title`,`message`) VALUES ('asfd','asdfasdf') [ RunTime:0.124172s ]
INFO: [ app_end ] --START--
INFO: Run Behavior\ShowPageTraceBehavior [ RunTime:0.001600s ]
INFO: [ app_end ] --END-- [ RunTime:0.002824s ]

[ 2014-10-05T17:29:19+08:00 ] 127.0.0.1 /s/index.php/Home/Message/add?title=asfd&message=asdfasdf
INFO: [ app_begin ] --START--
INFO: Run Behavior\ReadHtmlCacheBehavior [ RunTime:0.001655s ]
INFO: [ app_begin ] --END-- [ RunTime:0.004472s ]
SQL: SHOW COLUMNS FROM `s_message` [ RunTime:0.006132s ]
SQL: INSERT INTO `s_message` (`title`,`message`) VALUES ('asfd','asdfasdf') [ RunTime:0.106214s ]
INFO: [ app_end ] --START--
INFO: Run Behavior\ShowPageTraceBehavior [ RunTime:0.002049s ]
INFO: [ app_end ] --END-- [ RunTime:0.003750s ]

[ 2014-10-05T17:29:26+08:00 ] 127.0.0.1 /s/index.php/Home/Message/add?title=asfd&message=asdfasdf
INFO: [ app_begin ] --START--
INFO: Run Behavior\ReadHtmlCacheBehavior [ RunTime:0.001248s ]
INFO: [ app_begin ] --END-- [ RunTime:0.002735s ]
SQL: SHOW COLUMNS FROM `s_message` [ RunTime:0.006451s ]
SQL: INSERT INTO `s_message` (`title`,`message`) VALUES ('asfd','asdfasdf') [ RunTime:0.224750s ]
INFO: [ app_end ] --START--
INFO: Run Behavior\ShowPageTraceBehavior [ RunTime:0.001294s ]
INFO: [ app_end ] --END-- [ RunTime:0.002272s ]

[ 2014-10-05T17:30:21+08:00 ] 127.0.0.1 /s/index.php/Home/Message/add?title=asfd&message=asdfasdf
INFO: [ app_begin ] --START--
INFO: Run Behavior\ReadHtmlCacheBehavior [ RunTime:0.001283s ]
INFO: [ app_begin ] --END-- [ RunTime:0.002752s ]
SQL: SHOW COLUMNS FROM `s_message` [ RunTime:0.004740s ]
SQL: INSERT INTO `s_message` (`title`,`message`) VALUES ('asfd','asdfasdf') [ RunTime:0.054312s ]
INFO: [ app_end ] --START--
INFO: Run Behavior\ShowPageTraceBehavior [ RunTime:0.001526s ]
INFO: [ app_end ] --END-- [ RunTime:0.002615s ]

[ 2014-10-05T17:30:32+08:00 ] 127.0.0.1 /s/index.php/Home/Message/add?title=asfd&message=asdfasdf
INFO: [ app_begin ] --START--
INFO: Run Behavior\ReadHtmlCacheBehavior [ RunTime:0.001180s ]
INFO: [ app_begin ] --END-- [ RunTime:0.002604s ]
SQL: SHOW COLUMNS FROM `s_message` [ RunTime:0.004987s ]
SQL: INSERT INTO `s_message` (`title`,`message`) VALUES ('asfd','asdfasdf') [ RunTime:0.075143s ]
INFO: [ app_end ] --START--
INFO: Run Behavior\ShowPageTraceBehavior [ RunTime:0.002538s ]
INFO: [ app_end ] --END-- [ RunTime:0.004538s ]

[ 2014-10-05T17:31:10+08:00 ] 127.0.0.1 /s/index.php/Home/Message/add?title=asfd&message=asdfasdf
INFO: [ app_begin ] --START--
INFO: Run Behavior\ReadHtmlCacheBehavior [ RunTime:0.001802s ]
INFO: [ app_begin ] --END-- [ RunTime:0.003424s ]
SQL: SHOW COLUMNS FROM `s_message` [ RunTime:0.015881s ]
SQL: INSERT INTO `s_message` (`title`,`message`) VALUES ('asfd','asdfasdf') [ RunTime:0.141329s ]
INFO: [ app_end ] --START--
INFO: Run Behavior\ShowPageTraceBehavior [ RunTime:0.001276s ]
INFO: [ app_end ] --END-- [ RunTime:0.002178s ]

[ 2014-10-05T17:31:27+08:00 ] 127.0.0.1 /s/index.php/Home/Message/add?title=asfd&message=asdfasdf
INFO: [ app_begin ] --START--
INFO: Run Behavior\ReadHtmlCacheBehavior [ RunTime:0.002662s ]
INFO: [ app_begin ] --END-- [ RunTime:0.004775s ]
SQL: SHOW COLUMNS FROM `s_message` [ RunTime:0.006335s ]
SQL: INSERT INTO `s_message` (`title`,`message`) VALUES ('asfd','asdfasdf') [ RunTime:0.149503s ]
INFO: [ app_end ] --START--
INFO: Run Behavior\ShowPageTraceBehavior [ RunTime:0.001885s ]
INFO: [ app_end ] --END-- [ RunTime:0.003405s ]

[ 2014-10-05T17:32:03+08:00 ] 127.0.0.1 /s/index.php/Home/Message/add?title=asfd&message=asdfasdf
INFO: [ app_begin ] --START--
INFO: Run Behavior\ReadHtmlCacheBehavior [ RunTime:0.001306s ]
INFO: [ app_begin ] --END-- [ RunTime:0.003790s ]
SQL: SHOW COLUMNS FROM `s_message` [ RunTime:0.004436s ]
SQL: INSERT INTO `s_message` (`title`,`message`) VALUES ('asfd','asdfasdf') [ RunTime:0.043710s ]
INFO: [ app_end ] --START--
INFO: Run Behavior\ShowPageTraceBehavior [ RunTime:0.001504s ]
INFO: [ app_end ] --END-- [ RunTime:0.002389s ]

[ 2014-10-05T17:32:04+08:00 ] 127.0.0.1 /s/index.php/Home/Message/add?title=asfd&message=asdfasdf
INFO: [ app_begin ] --START--
INFO: Run Behavior\ReadHtmlCacheBehavior [ RunTime:0.001188s ]
INFO: [ app_begin ] --END-- [ RunTime:0.002816s ]
SQL: SHOW COLUMNS FROM `s_message` [ RunTime:0.005431s ]
SQL: INSERT INTO `s_message` (`title`,`message`) VALUES ('asfd','asdfasdf') [ RunTime:0.095381s ]
INFO: [ app_end ] --START--
INFO: Run Behavior\ShowPageTraceBehavior [ RunTime:0.004096s ]
INFO: [ app_end ] --END-- [ RunTime:0.006399s ]

[ 2014-10-05T17:32:04+08:00 ] 127.0.0.1 /s/index.php/Home/Message/add?title=asfd&message=asdfasdf
INFO: [ app_begin ] --START--
INFO: Run Behavior\ReadHtmlCacheBehavior [ RunTime:0.001416s ]
INFO: [ app_begin ] --END-- [ RunTime:0.002840s ]
SQL: SHOW COLUMNS FROM `s_message` [ RunTime:0.006704s ]
SQL: INSERT INTO `s_message` (`title`,`message`) VALUES ('asfd','asdfasdf') [ RunTime:0.039689s ]
INFO: [ app_end ] --START--
INFO: Run Behavior\ShowPageTraceBehavior [ RunTime:0.001556s ]
INFO: [ app_end ] --END-- [ RunTime:0.002627s ]

[ 2014-10-05T17:32:31+08:00 ] 127.0.0.1 /s/index.php/Home/Message/add?title=asfd&message=asdfasdf
INFO: [ app_begin ] --START--
INFO: Run Behavior\ReadHtmlCacheBehavior [ RunTime:0.001305s ]
INFO: [ app_begin ] --END-- [ RunTime:0.002910s ]
SQL: SHOW COLUMNS FROM `s_message` [ RunTime:0.004559s ]
SQL: INSERT INTO `s_message` (`title`,`message`) VALUES ('asfd','asdfasdf') [ RunTime:0.059934s ]
INFO: [ app_end ] --START--
INFO: Run Behavior\ShowPageTraceBehavior [ RunTime:0.001498s ]
INFO: [ app_end ] --END-- [ RunTime:0.002462s ]

[ 2014-10-05T17:32:37+08:00 ] 127.0.0.1 /s/index.php/Home/Message/add?title=asfd&message=asdfasdf
INFO: [ app_begin ] --START--
INFO: Run Behavior\ReadHtmlCacheBehavior [ RunTime:0.001238s ]
INFO: [ app_begin ] --END-- [ RunTime:0.002826s ]
SQL: SHOW COLUMNS FROM `s_message` [ RunTime:0.004581s ]
SQL: INSERT INTO `s_message` (`title`,`message`) VALUES ('asfd','asdfasdf') [ RunTime:0.063090s ]
INFO: [ app_end ] --START--
INFO: Run Behavior\ShowPageTraceBehavior [ RunTime:0.001288s ]
INFO: [ app_end ] --END-- [ RunTime:0.002270s ]

[ 2014-10-05T17:32:38+08:00 ] 127.0.0.1 /s/index.php/Home/Message/add?title=asfd&message=asdfasdf
INFO: [ app_begin ] --START--
INFO: Run Behavior\ReadHtmlCacheBehavior [ RunTime:0.001498s ]
INFO: [ app_begin ] --END-- [ RunTime:0.002967s ]
SQL: SHOW COLUMNS FROM `s_message` [ RunTime:0.004491s ]
SQL: INSERT INTO `s_message` (`title`,`message`) VALUES ('asfd','asdfasdf') [ RunTime:0.064100s ]
INFO: [ app_end ] --START--
INFO: Run Behavior\ShowPageTraceBehavior [ RunTime:0.001434s ]
INFO: [ app_end ] --END-- [ RunTime:0.003014s ]

[ 2014-10-05T17:32:38+08:00 ] 127.0.0.1 /s/index.php/Home/Message/add?title=asfd&message=asdfasdf
INFO: [ app_begin ] --START--
INFO: Run Behavior\ReadHtmlCacheBehavior [ RunTime:0.001599s ]
INFO: [ app_begin ] --END-- [ RunTime:0.003199s ]
SQL: SHOW COLUMNS FROM `s_message` [ RunTime:0.004894s ]
SQL: INSERT INTO `s_message` (`title`,`message`) VALUES ('asfd','asdfasdf') [ RunTime:0.076676s ]
INFO: [ app_end ] --START--
INFO: Run Behavior\ShowPageTraceBehavior [ RunTime:0.001450s ]
INFO: [ app_end ] --END-- [ RunTime:0.002580s ]

[ 2014-10-05T17:32:51+08:00 ] 127.0.0.1 /s/index.php/Home/Message/add?title=asfd&message=asdfasdf
INFO: [ app_begin ] --START--
INFO: Run Behavior\ReadHtmlCacheBehavior [ RunTime:0.001270s ]
INFO: [ app_begin ] --END-- [ RunTime:0.002732s ]
SQL: SHOW COLUMNS FROM `s_message` [ RunTime:0.004932s ]
SQL: INSERT INTO `s_message` (`title`,`message`) VALUES ('asfd','asdfasdf') [ RunTime:0.058591s ]
INFO: [ app_end ] --START--
INFO: Run Behavior\ShowPageTraceBehavior [ RunTime:0.001349s ]
INFO: [ app_end ] --END-- [ RunTime:0.002329s ]

[ 2014-10-05T17:32:51+08:00 ] 127.0.0.1 /s/index.php/Home/Message/add?title=asfd&message=asdfasdf
INFO: [ app_begin ] --START--
INFO: Run Behavior\ReadHtmlCacheBehavior [ RunTime:0.001459s ]
INFO: [ app_begin ] --END-- [ RunTime:0.005981s ]
SQL: SHOW COLUMNS FROM `s_message` [ RunTime:0.005156s ]
SQL: INSERT INTO `s_message` (`title`,`message`) VALUES ('asfd','asdfasdf') [ RunTime:0.063093s ]
INFO: [ app_end ] --START--
INFO: Run Behavior\ShowPageTraceBehavior [ RunTime:0.003301s ]
INFO: [ app_end ] --END-- [ RunTime:0.005397s ]

[ 2014-10-05T17:32:52+08:00 ] 127.0.0.1 /s/index.php/Home/Message/add?title=asfd&message=asdfasdf
INFO: [ app_begin ] --START--
INFO: Run Behavior\ReadHtmlCacheBehavior [ RunTime:0.001198s ]
INFO: [ app_begin ] --END-- [ RunTime:0.002696s ]
SQL: SHOW COLUMNS FROM `s_message` [ RunTime:0.005935s ]
SQL: INSERT INTO `s_message` (`title`,`message`) VALUES ('asfd','asdfasdf') [ RunTime:0.061840s ]
INFO: [ app_end ] --START--
INFO: Run Behavior\ShowPageTraceBehavior [ RunTime:0.001274s ]
INFO: [ app_end ] --END-- [ RunTime:0.002175s ]

[ 2014-10-05T17:33:21+08:00 ] 127.0.0.1 /s/index.php/Home/Message/add?title=asfd&message=asdfasdf
INFO: [ app_begin ] --START--
INFO: Run Behavior\ReadHtmlCacheBehavior [ RunTime:0.002399s ]
INFO: [ app_begin ] --END-- [ RunTime:0.006450s ]
SQL: SHOW COLUMNS FROM `s_message` [ RunTime:0.005460s ]
SQL: INSERT INTO `s_message` (`title`,`message`) VALUES ('asfd','asdfasdf') [ RunTime:0.090704s ]
INFO: [ app_end ] --START--
INFO: Run Behavior\ShowPageTraceBehavior [ RunTime:0.001929s ]
INFO: [ app_end ] --END-- [ RunTime:0.003327s ]

[ 2014-10-05T17:33:22+08:00 ] 127.0.0.1 /s/index.php/Home/Message/add?title=asfd&message=asdfasdf
INFO: [ app_begin ] --START--
INFO: Run Behavior\ReadHtmlCacheBehavior [ RunTime:0.001699s ]
INFO: [ app_begin ] --END-- [ RunTime:0.004005s ]
SQL: SHOW COLUMNS FROM `s_message` [ RunTime:0.004810s ]
SQL: INSERT INTO `s_message` (`title`,`message`) VALUES ('asfd','asdfasdf') [ RunTime:0.064731s ]
INFO: [ app_end ] --START--
INFO: Run Behavior\ShowPageTraceBehavior [ RunTime:0.001358s ]
INFO: [ app_end ] --END-- [ RunTime:0.002231s ]

[ 2014-10-05T17:33:22+08:00 ] 127.0.0.1 /s/index.php/Home/Message/add?title=asfd&message=asdfasdf
INFO: [ app_begin ] --START--
INFO: Run Behavior\ReadHtmlCacheBehavior [ RunTime:0.002113s ]
INFO: [ app_begin ] --END-- [ RunTime:0.004093s ]
SQL: SHOW COLUMNS FROM `s_message` [ RunTime:0.004780s ]
SQL: INSERT INTO `s_message` (`title`,`message`) VALUES ('asfd','asdfasdf') [ RunTime:0.137146s ]
INFO: [ app_end ] --START--
INFO: Run Behavior\ShowPageTraceBehavior [ RunTime:0.001851s ]
INFO: [ app_end ] --END-- [ RunTime:0.003586s ]

[ 2014-10-05T17:33:22+08:00 ] 127.0.0.1 /s/index.php/Home/Message/add?title=asfd&message=asdfasdf
INFO: [ app_begin ] --START--
INFO: Run Behavior\ReadHtmlCacheBehavior [ RunTime:0.002265s ]
INFO: [ app_begin ] --END-- [ RunTime:0.004659s ]
SQL: SHOW COLUMNS FROM `s_message` [ RunTime:0.005529s ]
SQL: INSERT INTO `s_message` (`title`,`message`) VALUES ('asfd','asdfasdf') [ RunTime:0.117064s ]
INFO: [ app_end ] --START--
INFO: Run Behavior\ShowPageTraceBehavior [ RunTime:0.002646s ]
INFO: [ app_end ] --END-- [ RunTime:0.004157s ]

[ 2014-10-05T17:33:36+08:00 ] 127.0.0.1 /s/index.php/Home/Message/add?title=asfd&message=asdfasdf
INFO: [ app_begin ] --START--
INFO: Run Behavior\ReadHtmlCacheBehavior [ RunTime:0.001349s ]
INFO: [ app_begin ] --END-- [ RunTime:0.002790s ]
SQL: SHOW COLUMNS FROM `s_message` [ RunTime:0.004473s ]
SQL: INSERT INTO `s_message` (`title`,`message`) VALUES ('asfd','asdfasdf') [ RunTime:0.115387s ]
INFO: [ app_end ] --START--
INFO: Run Behavior\ShowPageTraceBehavior [ RunTime:0.001524s ]
INFO: [ app_end ] --END-- [ RunTime:0.002919s ]

[ 2014-10-05T17:35:20+08:00 ] 127.0.0.1 /s/index.php/Home/Message/add?title=asfd&message=asdfasdf
INFO: [ app_begin ] --START--
INFO: Run Behavior\ReadHtmlCacheBehavior [ RunTime:0.001277s ]
INFO: [ app_begin ] --END-- [ RunTime:0.002771s ]
SQL: SHOW COLUMNS FROM `s_message` [ RunTime:0.004804s ]
SQL: INSERT INTO `s_message` (`title`,`message`) VALUES ('asfd','asdfasdf') [ RunTime:0.104755s ]
INFO: [ app_end ] --START--
INFO: Run Behavior\ShowPageTraceBehavior [ RunTime:0.001365s ]
INFO: [ app_end ] --END-- [ RunTime:0.002412s ]

[ 2014-10-05T17:35:31+08:00 ] 127.0.0.1 /s/index.php/Home/Message/add?title=asfd&message=asdfasdf
INFO: [ app_begin ] --START--
INFO: Run Behavior\ReadHtmlCacheBehavior [ RunTime:0.001185s ]
INFO: [ app_begin ] --END-- [ RunTime:0.002620s ]
SQL: SHOW COLUMNS FROM `s_message` [ RunTime:0.004846s ]
SQL: INSERT INTO `s_message` (`title`,`message`) VALUES ('asfd','asdfasdf') [ RunTime:0.087618s ]
INFO: [ app_end ] --START--
INFO: Run Behavior\ShowPageTraceBehavior [ RunTime:0.001406s ]
INFO: [ app_end ] --END-- [ RunTime:0.002755s ]

[ 2014-10-05T17:35:40+08:00 ] 127.0.0.1 /s/index.php/Home/Message/add?title=asfd&message=asdfasdf
INFO: [ app_begin ] --START--
INFO: Run Behavior\ReadHtmlCacheBehavior [ RunTime:0.001200s ]
INFO: [ app_begin ] --END-- [ RunTime:0.002879s ]
SQL: SHOW COLUMNS FROM `s_message` [ RunTime:0.005137s ]
SQL: INSERT INTO `s_message` (`title`,`message`) VALUES ('asfd','asdfasdf') [ RunTime:0.148100s ]
INFO: [ app_end ] --START--
INFO: Run Behavior\ShowPageTraceBehavior [ RunTime:0.001603s ]
INFO: [ app_end ] --END-- [ RunTime:0.002887s ]

[ 2014-10-05T17:36:02+08:00 ] 127.0.0.1 /s/index.php/Home/Message/add?title=asfd&message=asdfasdf
INFO: [ app_begin ] --START--
INFO: Run Behavior\ReadHtmlCacheBehavior [ RunTime:0.001210s ]
INFO: [ app_begin ] --END-- [ RunTime:0.002789s ]
SQL: SHOW COLUMNS FROM `s_message` [ RunTime:0.005794s ]
SQL: INSERT INTO `s_message` (`title`,`message`) VALUES ('asfd','asdfasdf') [ RunTime:0.086666s ]
INFO: [ app_end ] --START--
INFO: Run Behavior\ShowPageTraceBehavior [ RunTime:0.001325s ]
INFO: [ app_end ] --END-- [ RunTime:0.002286s ]

[ 2014-10-05T17:36:04+08:00 ] 127.0.0.1 /s/index.php/Home/Message/add?title=asfd&message=asdfasdf
INFO: [ app_begin ] --START--
INFO: Run Behavior\ReadHtmlCacheBehavior [ RunTime:0.002719s ]
INFO: [ app_begin ] --END-- [ RunTime:0.005973s ]
SQL: SHOW COLUMNS FROM `s_message` [ RunTime:0.006248s ]
SQL: INSERT INTO `s_message` (`title`,`message`) VALUES ('asfd','asdfasdf') [ RunTime:0.163443s ]
INFO: [ app_end ] --START--
INFO: Run Behavior\ShowPageTraceBehavior [ RunTime:0.001865s ]
INFO: [ app_end ] --END-- [ RunTime:0.003489s ]

[ 2014-10-05T17:36:20+08:00 ] 127.0.0.1 /s/index.php/Home/Message/add?title=asfd&message=asdfasdf
INFO: [ app_begin ] --START--
INFO: Run Behavior\ReadHtmlCacheBehavior [ RunTime:0.001246s ]
INFO: [ app_begin ] --END-- [ RunTime:0.002966s ]
SQL: SHOW COLUMNS FROM `s_message` [ RunTime:0.006764s ]
SQL: INSERT INTO `s_message` (`title`,`message`) VALUES ('asfd','asdfasdf') [ RunTime:0.068015s ]
INFO: [ app_end ] --START--
INFO: Run Behavior\ShowPageTraceBehavior [ RunTime:0.002656s ]
INFO: [ app_end ] --END-- [ RunTime:0.005229s ]

[ 2014-10-05T17:36:25+08:00 ] 127.0.0.1 /s/index.php/Home/Message/add?title=asfd&message=asdfasdf
INFO: [ app_begin ] --START--
INFO: Run Behavior\ReadHtmlCacheBehavior [ RunTime:0.001285s ]
INFO: [ app_begin ] --END-- [ RunTime:0.002846s ]
SQL: SHOW COLUMNS FROM `s_message` [ RunTime:0.004396s ]
SQL: INSERT INTO `s_message` (`title`,`message`) VALUES ('asfd','asdfasdf') [ RunTime:0.088463s ]
INFO: [ app_end ] --START--
INFO: Run Behavior\ShowPageTraceBehavior [ RunTime:0.001215s ]
INFO: [ app_end ] --END-- [ RunTime:0.002121s ]

[ 2014-10-05T17:36:26+08:00 ] 127.0.0.1 /s/index.php/Home/Message/add?title=asfd&message=asdfasdf
INFO: [ app_begin ] --START--
INFO: Run Behavior\ReadHtmlCacheBehavior [ RunTime:0.001538s ]
INFO: [ app_begin ] --END-- [ RunTime:0.003494s ]
SQL: SHOW COLUMNS FROM `s_message` [ RunTime:0.004313s ]
SQL: INSERT INTO `s_message` (`title`,`message`) VALUES ('asfd','asdfasdf') [ RunTime:0.061699s ]
INFO: [ app_end ] --START--
INFO: Run Behavior\ShowPageTraceBehavior [ RunTime:0.001318s ]
INFO: [ app_end ] --END-- [ RunTime:0.002246s ]

[ 2014-10-05T17:36:26+08:00 ] 127.0.0.1 /s/index.php/Home/Message/add?title=asfd&message=asdfasdf
INFO: [ app_begin ] --START--
INFO: Run Behavior\ReadHtmlCacheBehavior [ RunTime:0.001179s ]
INFO: [ app_begin ] --END-- [ RunTime:0.002579s ]
SQL: SHOW COLUMNS FROM `s_message` [ RunTime:0.004500s ]
SQL: INSERT INTO `s_message` (`title`,`message`) VALUES ('asfd','asdfasdf') [ RunTime:0.147660s ]
INFO: [ app_end ] --START--
INFO: Run Behavior\ShowPageTraceBehavior [ RunTime:0.043681s ]
INFO: [ app_end ] --END-- [ RunTime:0.046130s ]

[ 2014-10-05T17:36:26+08:00 ] 127.0.0.1 /s/index.php/Home/Message/add?title=asfd&message=asdfasdf
INFO: [ app_begin ] --START--
INFO: Run Behavior\ReadHtmlCacheBehavior [ RunTime:0.001889s ]
INFO: [ app_begin ] --END-- [ RunTime:0.004166s ]
SQL: SHOW COLUMNS FROM `s_message` [ RunTime:0.005537s ]
SQL: INSERT INTO `s_message` (`title`,`message`) VALUES ('asfd','asdfasdf') [ RunTime:0.167516s ]
INFO: [ app_end ] --START--
INFO: Run Behavior\ShowPageTraceBehavior [ RunTime:0.002982s ]
INFO: [ app_end ] --END-- [ RunTime:0.005116s ]

[ 2014-10-05T17:36:56+08:00 ] 127.0.0.1 /s/index.php/Home/Message/add?title=asfd&message=asdfasdf
INFO: [ app_begin ] --START--
INFO: Run Behavior\ReadHtmlCacheBehavior [ RunTime:0.001731s ]
INFO: [ app_begin ] --END-- [ RunTime:0.003726s ]
SQL: SHOW COLUMNS FROM `s_message` [ RunTime:0.005899s ]
SQL: INSERT INTO `s_message` (`title`,`message`) VALUES ('asfd','asdfasdf') [ RunTime:0.126882s ]
INFO: [ app_end ] --START--
INFO: Run Behavior\ShowPageTraceBehavior [ RunTime:0.002974s ]
INFO: [ app_end ] --END-- [ RunTime:0.005379s ]

[ 2014-10-05T17:37:02+08:00 ] 127.0.0.1 /s/index.php/Home/Message/add?title=asfd&message=asdfasdf
INFO: [ app_begin ] --START--
INFO: Run Behavior\ReadHtmlCacheBehavior [ RunTime:0.001242s ]
INFO: [ app_begin ] --END-- [ RunTime:0.002750s ]
SQL: SHOW COLUMNS FROM `s_message` [ RunTime:0.004949s ]
SQL: INSERT INTO `s_message` (`title`,`message`) VALUES ('asfd','asdfasdf') [ RunTime:0.093568s ]
INFO: [ app_end ] --START--
INFO: Run Behavior\ShowPageTraceBehavior [ RunTime:0.001729s ]
INFO: [ app_end ] --END-- [ RunTime:0.002856s ]

[ 2014-10-05T18:01:22+08:00 ] 127.0.0.1 /s/index.php/Home/Message/add?title=asfd&message=asdfasdf
INFO: [ app_begin ] --START--
INFO: Run Behavior\ReadHtmlCacheBehavior [ RunTime:0.001207s ]
INFO: [ app_begin ] --END-- [ RunTime:0.002700s ]
SQL: SHOW COLUMNS FROM `s_message` [ RunTime:0.006513s ]
SQL: INSERT INTO `s_message` (`title`,`message`) VALUES ('asfd','asdfasdf') [ RunTime:0.091981s ]
INFO: [ app_end ] --START--
INFO: Run Behavior\ShowPageTraceBehavior [ RunTime:0.001512s ]
INFO: [ app_end ] --END-- [ RunTime:0.002533s ]

[ 2014-10-05T18:01:23+08:00 ] 127.0.0.1 /s/index.php/Home/Message/add?title=asfd&message=asdfasdf
INFO: [ app_begin ] --START--
INFO: Run Behavior\ReadHtmlCacheBehavior [ RunTime:0.001196s ]
INFO: [ app_begin ] --END-- [ RunTime:0.002570s ]
SQL: SHOW COLUMNS FROM `s_message` [ RunTime:0.004664s ]
SQL: INSERT INTO `s_message` (`title`,`message`) VALUES ('asfd','asdfasdf') [ RunTime:0.085709s ]
INFO: [ app_end ] --START--
INFO: Run Behavior\ShowPageTraceBehavior [ RunTime:0.003567s ]
INFO: [ app_end ] --END-- [ RunTime:0.006928s ]

[ 2014-10-05T18:01:31+08:00 ] 127.0.0.1 /s/index.php/Home/Message/add?title=asfd&message=asdfasdf
INFO: [ app_begin ] --START--
INFO: Run Behavior\ReadHtmlCacheBehavior [ RunTime:0.001452s ]
INFO: [ app_begin ] --END-- [ RunTime:0.003801s ]
SQL: SHOW COLUMNS FROM `s_message` [ RunTime:0.005263s ]
SQL: INSERT INTO `s_message` (`title`,`message`) VALUES ('asfd','asdfasdf') [ RunTime:0.138996s ]
INFO: [ app_end ] --START--
INFO: Run Behavior\ShowPageTraceBehavior [ RunTime:0.002839s ]
INFO: [ app_end ] --END-- [ RunTime:0.005175s ]

[ 2014-10-05T18:01:42+08:00 ] 127.0.0.1 /s/index.php/Home/Message/add?title=asfd&message=asdfasdf
INFO: [ app_begin ] --START--
INFO: Run Behavior\ReadHtmlCacheBehavior [ RunTime:0.001256s ]
INFO: [ app_begin ] --END-- [ RunTime:0.002884s ]
SQL: SHOW COLUMNS FROM `s_message` [ RunTime:0.004978s ]
SQL: INSERT INTO `s_message` (`title`,`message`) VALUES ('asfd','asdfasdf') [ RunTime:0.086561s ]
INFO: [ app_end ] --START--
INFO: Run Behavior\ShowPageTraceBehavior [ RunTime:0.001463s ]
INFO: [ app_end ] --END-- [ RunTime:0.002545s ]

[ 2014-10-05T18:01:43+08:00 ] 127.0.0.1 /s/index.php/Home/Message/add?title=asfd&message=asdfasdf
INFO: [ app_begin ] --START--
INFO: Run Behavior\ReadHtmlCacheBehavior [ RunTime:0.001317s ]
INFO: [ app_begin ] --END-- [ RunTime:0.002873s ]
SQL: SHOW COLUMNS FROM `s_message` [ RunTime:0.004630s ]
SQL: INSERT INTO `s_message` (`title`,`message`) VALUES ('asfd','asdfasdf') [ RunTime:0.101978s ]
INFO: [ app_end ] --START--
INFO: Run Behavior\ShowPageTraceBehavior [ RunTime:0.001252s ]
INFO: [ app_end ] --END-- [ RunTime:0.002194s ]

[ 2014-10-05T18:01:43+08:00 ] 127.0.0.1 /s/index.php/Home/Message/add?title=asfd&message=asdfasdf
INFO: [ app_begin ] --START--
INFO: Run Behavior\ReadHtmlCacheBehavior [ RunTime:0.001414s ]
INFO: [ app_begin ] --END-- [ RunTime:0.003047s ]
SQL: SHOW COLUMNS FROM `s_message` [ RunTime:0.005332s ]
SQL: INSERT INTO `s_message` (`title`,`message`) VALUES ('asfd','asdfasdf') [ RunTime:0.091395s ]
INFO: [ app_end ] --START--
INFO: Run Behavior\ShowPageTraceBehavior [ RunTime:0.002048s ]
INFO: [ app_end ] --END-- [ RunTime:0.003306s ]

[ 2014-10-05T18:01:43+08:00 ] 127.0.0.1 /s/index.php/Home/Message/add?title=asfd&message=asdfasdf
INFO: [ app_begin ] --START--
INFO: Run Behavior\ReadHtmlCacheBehavior [ RunTime:0.001618s ]
INFO: [ app_begin ] --END-- [ RunTime:0.003371s ]
SQL: SHOW COLUMNS FROM `s_message` [ RunTime:0.004248s ]
SQL: INSERT INTO `s_message` (`title`,`message`) VALUES ('asfd','asdfasdf') [ RunTime:0.108322s ]
INFO: [ app_end ] --START--
INFO: Run Behavior\ShowPageTraceBehavior [ RunTime:0.001670s ]
INFO: [ app_end ] --END-- [ RunTime:0.003069s ]

[ 2014-10-05T18:01:44+08:00 ] 127.0.0.1 /s/index.php/Home/Message/add?title=asfd&message=asdfasdf
INFO: [ app_begin ] --START--
INFO: Run Behavior\ReadHtmlCacheBehavior [ RunTime:0.001755s ]
INFO: [ app_begin ] --END-- [ RunTime:0.003885s ]
SQL: SHOW COLUMNS FROM `s_message` [ RunTime:0.004538s ]
SQL: INSERT INTO `s_message` (`title`,`message`) VALUES ('asfd','asdfasdf') [ RunTime:0.057865s ]
INFO: [ app_end ] --START--
INFO: Run Behavior\ShowPageTraceBehavior [ RunTime:0.002798s ]
INFO: [ app_end ] --END-- [ RunTime:0.005394s ]

[ 2014-10-05T18:01:44+08:00 ] 127.0.0.1 /s/index.php/Home/Message/add?title=asfd&message=asdfasdf
INFO: [ app_begin ] --START--
INFO: Run Behavior\ReadHtmlCacheBehavior [ RunTime:0.001809s ]
INFO: [ app_begin ] --END-- [ RunTime:0.004949s ]
SQL: SHOW COLUMNS FROM `s_message` [ RunTime:0.004665s ]
SQL: INSERT INTO `s_message` (`title`,`message`) VALUES ('asfd','asdfasdf') [ RunTime:0.178428s ]
INFO: [ app_end ] --START--
INFO: Run Behavior\ShowPageTraceBehavior [ RunTime:0.001530s ]
INFO: [ app_end ] --END-- [ RunTime:0.002867s ]

[ 2014-10-05T18:01:44+08:00 ] 127.0.0.1 /s/index.php/Home/Message/add?title=asfd&message=asdfasdf
INFO: [ app_begin ] --START--
INFO: Run Behavior\ReadHtmlCacheBehavior [ RunTime:0.001939s ]
INFO: [ app_begin ] --END-- [ RunTime:0.004012s ]
SQL: SHOW COLUMNS FROM `s_message` [ RunTime:0.005132s ]
SQL: INSERT INTO `s_message` (`title`,`message`) VALUES ('asfd','asdfasdf') [ RunTime:0.150607s ]
INFO: [ app_end ] --START--
INFO: Run Behavior\ShowPageTraceBehavior [ RunTime:0.001552s ]
INFO: [ app_end ] --END-- [ RunTime:0.003009s ]

[ 2014-10-05T18:01:44+08:00 ] 127.0.0.1 /s/index.php/Home/Message/add?title=asfd&message=asdfasdf
INFO: [ app_begin ] --START--
INFO: Run Behavior\ReadHtmlCacheBehavior [ RunTime:0.001194s ]
INFO: [ app_begin ] --END-- [ RunTime:0.002623s ]
SQL: SHOW COLUMNS FROM `s_message` [ RunTime:0.005523s ]
SQL: INSERT INTO `s_message` (`title`,`message`) VALUES ('asfd','asdfasdf') [ RunTime:0.155625s ]
INFO: [ app_end ] --START--
INFO: Run Behavior\ShowPageTraceBehavior [ RunTime:0.001942s ]
INFO: [ app_end ] --END-- [ RunTime:0.003479s ]

[ 2014-10-05T18:01:45+08:00 ] 127.0.0.1 /s/index.php/Home/Message/add?title=asfd&message=asdfasdf
INFO: [ app_begin ] --START--
INFO: Run Behavior\ReadHtmlCacheBehavior [ RunTime:0.001260s ]
INFO: [ app_begin ] --END-- [ RunTime:0.002761s ]
SQL: SHOW COLUMNS FROM `s_message` [ RunTime:0.004701s ]
SQL: INSERT INTO `s_message` (`title`,`message`) VALUES ('asfd','asdfasdf') [ RunTime:0.110234s ]
INFO: [ app_end ] --START--
INFO: Run Behavior\ShowPageTraceBehavior [ RunTime:0.001651s ]
INFO: [ app_end ] --END-- [ RunTime:0.002729s ]

[ 2014-10-05T18:01:58+08:00 ] 127.0.0.1 /s/index.php/Home/Message/add?title=asfd&message=asdfasdf
INFO: [ app_begin ] --START--
INFO: Run Behavior\ReadHtmlCacheBehavior [ RunTime:0.001865s ]
INFO: [ app_begin ] --END-- [ RunTime:0.004672s ]
SQL: SHOW COLUMNS FROM `s_message` [ RunTime:0.004817s ]
SQL: INSERT INTO `s_message` (`title`,`message`) VALUES ('asfd','asdfasdf') [ RunTime:0.071758s ]
INFO: [ app_end ] --START--
INFO: Run Behavior\ShowPageTraceBehavior [ RunTime:0.001268s ]
INFO: [ app_end ] --END-- [ RunTime:0.002427s ]

[ 2014-10-05T18:02:24+08:00 ] 127.0.0.1 /s/index.php/Home/Message/add?title=asfd&message=asdfasdf
INFO: [ app_begin ] --START--
INFO: Run Behavior\ReadHtmlCacheBehavior [ RunTime:0.001333s ]
INFO: [ app_begin ] --END-- [ RunTime:0.002800s ]
SQL: SHOW COLUMNS FROM `s_message` [ RunTime:0.004229s ]
SQL: INSERT INTO `s_message` (`title`,`message`) VALUES ('asfd','asdfasdf') [ RunTime:0.118044s ]
INFO: [ app_end ] --START--
INFO: Run Behavior\ShowPageTraceBehavior [ RunTime:0.001673s ]
INFO: [ app_end ] --END-- [ RunTime:0.003451s ]

